<?xml version="1.0" encoding="UTF-8"?>
<coverage generated="1650060161702" clover="3.2.0">
  <project timestamp="1650060161702" name="All files">
    <metrics statements="25" coveredstatements="25" conditionals="4" coveredconditionals="4" methods="11" coveredmethods="11" elements="40" coveredelements="40" complexity="0" loc="25" ncloc="25" packages="1" files="1" classes="1"/>
    <file name="solar-years.js" path="C:\Users\marky\Desktop\Epicodus Projects\Week 5\Week 5 Project\src\js\solar-years.js">
      <metrics statements="25" coveredstatements="25" conditionals="4" coveredconditionals="4" methods="11" coveredmethods="11"/>
      <line num="3" count="18" type="stmt"/>
      <line num="4" count="18" type="stmt"/>
      <line num="5" count="18" type="stmt"/>
      <line num="7" count="18" type="stmt"/>
      <line num="8" count="1" type="stmt"/>
      <line num="10" count="18" type="stmt"/>
      <line num="11" count="1" type="stmt"/>
      <line num="13" count="18" type="stmt"/>
      <line num="14" count="1" type="stmt"/>
      <line num="16" count="18" type="stmt"/>
      <line num="17" count="1" type="stmt"/>
      <line num="19" count="18" type="stmt"/>
      <line num="20" count="3" type="stmt"/>
      <line num="22" count="18" type="stmt"/>
      <line num="23" count="3" type="stmt"/>
      <line num="25" count="18" type="stmt"/>
      <line num="26" count="1" type="stmt"/>
      <line num="28" count="18" type="stmt"/>
      <line num="29" count="2" type="stmt"/>
      <line num="32" count="2" type="cond" truecount="2" falsecount="0"/>
      <line num="33" count="1" type="stmt"/>
      <line num="35" count="1" type="stmt"/>
      <line num="39" count="2" type="cond" truecount="2" falsecount="0"/>
      <line num="40" count="1" type="stmt"/>
      <line num="42" count="1" type="stmt"/>
    </file>
  </project>
</coverage>
