<?xml version="1.0" encoding="UTF-8"?>
<coverage generated="1650049172222" clover="3.2.0">
  <project timestamp="1650049172222" name="All files">
    <metrics statements="19" coveredstatements="19" conditionals="2" coveredconditionals="1" methods="6" coveredmethods="6" elements="27" coveredelements="26" complexity="0" loc="19" ncloc="19" packages="1" files="1" classes="1"/>
    <file name="solar-years.js" path="C:\Users\marky\Desktop\Epicodus Projects\Week 5\Week 5 Project\src\js\solar-years.js">
      <metrics statements="19" coveredstatements="19" conditionals="2" coveredconditionals="1" methods="6" coveredmethods="6"/>
      <line num="3" count="6" type="stmt"/>
      <line num="4" count="6" type="stmt"/>
      <line num="5" count="6" type="stmt"/>
      <line num="7" count="6" type="stmt"/>
      <line num="8" count="1" type="stmt"/>
      <line num="9" count="1" type="stmt"/>
      <line num="11" count="6" type="stmt"/>
      <line num="12" count="1" type="stmt"/>
      <line num="13" count="1" type="stmt"/>
      <line num="15" count="6" type="stmt"/>
      <line num="16" count="1" type="stmt"/>
      <line num="17" count="1" type="stmt"/>
      <line num="19" count="6" type="stmt"/>
      <line num="20" count="1" type="stmt"/>
      <line num="21" count="1" type="stmt"/>
      <line num="23" count="6" type="stmt"/>
      <line num="24" count="1" type="stmt"/>
      <line num="25" count="1" type="cond" truecount="1" falsecount="1"/>
      <line num="26" count="1" type="stmt"/>
    </file>
  </project>
</coverage>
