TN:
SF:C:\Users\marky\Desktop\Epicodus Projects\Week 5\Week 5 Project\src\js\solar-years.js
FN:2,(anonymous_0)
FN:7,(anonymous_1)
FN:10,(anonymous_2)
FN:14,(anonymous_3)
FN:18,(anonymous_4)
FN:22,(anonymous_5)
FN:25,(anonymous_6)
FN:28,(anonymous_7)
FN:31,(anonymous_8)
FNF:9
FNH:9
FNDA:10,(anonymous_0)
FNDA:1,(anonymous_1)
FNDA:1,(anonymous_2)
FNDA:1,(anonymous_3)
FNDA:1,(anonymous_4)
FNDA:1,(anonymous_5)
FNDA:1,(anonymous_6)
FNDA:1,(anonymous_7)
FNDA:2,(anonymous_8)
DA:3,10
DA:4,10
DA:5,10
DA:7,10
DA:8,1
DA:10,10
DA:11,1
DA:12,1
DA:14,10
DA:15,1
DA:16,1
DA:18,10
DA:19,1
DA:20,1
DA:22,10
DA:23,1
DA:25,10
DA:26,1
DA:28,10
DA:29,1
DA:31,10
DA:32,2
LF:22
LH:22
BRF:0
BRH:0
end_of_record
