TN:
SF:C:\Users\marky\Desktop\Epicodus Projects\Week 5\Week 5 Project\src\js\solar-years.js
FN:2,(anonymous_0)
FN:7,(anonymous_1)
FN:10,(anonymous_2)
FN:13,(anonymous_3)
FN:16,(anonymous_4)
FN:19,(anonymous_5)
FN:22,(anonymous_6)
FN:25,(anonymous_7)
FN:28,(anonymous_8)
FN:31,(anonymous_9)
FN:38,(anonymous_10)
FN:45,(anonymous_11)
FNF:12
FNH:12
FNDA:22,(anonymous_0)
FNDA:1,(anonymous_1)
FNDA:1,(anonymous_2)
FNDA:1,(anonymous_3)
FNDA:1,(anonymous_4)
FNDA:3,(anonymous_5)
FNDA:3,(anonymous_6)
FNDA:3,(anonymous_7)
FNDA:2,(anonymous_8)
FNDA:2,(anonymous_9)
FNDA:2,(anonymous_10)
FNDA:2,(anonymous_11)
DA:3,22
DA:4,22
DA:5,22
DA:7,22
DA:8,1
DA:10,22
DA:11,1
DA:13,22
DA:14,1
DA:16,22
DA:17,1
DA:19,22
DA:20,3
DA:22,22
DA:23,3
DA:25,22
DA:26,3
DA:28,22
DA:29,2
DA:32,2
DA:33,1
DA:35,1
DA:39,2
DA:40,1
DA:42,1
DA:46,2
DA:47,1
DA:49,1
LF:28
LH:28
BRDA:32,0,0,1
BRDA:32,0,1,1
BRDA:39,1,0,1
BRDA:39,1,1,1
BRDA:46,2,0,1
BRDA:46,2,1,1
BRF:6
BRH:6
end_of_record
